0 info it worked if it ends with ok
1 verbose cli [ '/Users/admin/.nvm/versions/node/v6.9.1/bin/node',
1 verbose cli   '/Users/admin/.nvm/versions/node/v6.9.1/bin/npm',
1 verbose cli   'run',
1 verbose cli   'clean',
1 verbose cli   '--',
1 verbose cli   '--prod' ]
2 info using npm@3.10.8
3 info using node@v6.9.1
4 verbose run-script [ 'preclean', 'clean', 'postclean' ]
5 info lifecycle desafioFrontEndAgendaEdu@0.0.1~preclean: desafioFrontEndAgendaEdu@0.0.1
6 silly lifecycle desafioFrontEndAgendaEdu@0.0.1~preclean: no script for preclean, continuing
7 info lifecycle desafioFrontEndAgendaEdu@0.0.1~clean: desafioFrontEndAgendaEdu@0.0.1
8 verbose lifecycle desafioFrontEndAgendaEdu@0.0.1~clean: unsafe-perm in lifecycle true
9 verbose lifecycle desafioFrontEndAgendaEdu@0.0.1~clean: PATH: /Users/admin/.nvm/versions/node/v6.9.1/lib/node_modules/npm/bin/node-gyp-bin:/Users/admin/Documents/GitLab/desafioFrontEndAgendaEdu/node_modules/.bin:/Users/admin/.nvm/versions/node/v6.9.1/bin:/Users/admin/anaconda/bin:/Library/Frameworks/Python.framework/Versions/3.6/bin:/usr/local/bin:/usr/bin:/bin:/usr/sbin:/sbin:/usr/local/apache-maven/apache-maven-3.5.3/bin:/Library/Java/JavaVirtualMachines/jdk1.8.0_101.jdk/Contents/Home/bin:/Users/admin/Library/Android/sdk/platform-tools/
10 verbose lifecycle desafioFrontEndAgendaEdu@0.0.1~clean: CWD: /Users/admin/Documents/GitLab/desafioFrontEndAgendaEdu
11 silly lifecycle desafioFrontEndAgendaEdu@0.0.1~clean: Args: [ '-c', 'ionic-app-scripts clean "--prod"' ]
12 silly lifecycle desafioFrontEndAgendaEdu@0.0.1~clean: Returned: code: 1  signal: null
13 info lifecycle desafioFrontEndAgendaEdu@0.0.1~clean: Failed to exec clean script
14 verbose stack Error: desafioFrontEndAgendaEdu@0.0.1 clean: `ionic-app-scripts clean "--prod"`
14 verbose stack Exit status 1
14 verbose stack     at EventEmitter.<anonymous> (/Users/admin/.nvm/versions/node/v6.9.1/lib/node_modules/npm/lib/utils/lifecycle.js:255:16)
14 verbose stack     at emitTwo (events.js:106:13)
14 verbose stack     at EventEmitter.emit (events.js:191:7)
14 verbose stack     at ChildProcess.<anonymous> (/Users/admin/.nvm/versions/node/v6.9.1/lib/node_modules/npm/lib/utils/spawn.js:40:14)
14 verbose stack     at emitTwo (events.js:106:13)
14 verbose stack     at ChildProcess.emit (events.js:191:7)
14 verbose stack     at maybeClose (internal/child_process.js:877:16)
14 verbose stack     at Process.ChildProcess._handle.onexit (internal/child_process.js:226:5)
15 verbose pkgid desafioFrontEndAgendaEdu@0.0.1
16 verbose cwd /Users/admin/Documents/GitLab/desafioFrontEndAgendaEdu
17 error Darwin 15.6.0
18 error argv "/Users/admin/.nvm/versions/node/v6.9.1/bin/node" "/Users/admin/.nvm/versions/node/v6.9.1/bin/npm" "run" "clean" "--" "--prod"
19 error node v6.9.1
20 error npm  v3.10.8
21 error code ELIFECYCLE
22 error desafioFrontEndAgendaEdu@0.0.1 clean: `ionic-app-scripts clean "--prod"`
22 error Exit status 1
23 error Failed at the desafioFrontEndAgendaEdu@0.0.1 clean script 'ionic-app-scripts clean "--prod"'.
23 error Make sure you have the latest version of node.js and npm installed.
23 error If you do, this is most likely a problem with the desafioFrontEndAgendaEdu package,
23 error not with npm itself.
23 error Tell the author that this fails on your system:
23 error     ionic-app-scripts clean "--prod"
23 error You can get information on how to open an issue for this project with:
23 error     npm bugs desafioFrontEndAgendaEdu
23 error Or if that isn't available, you can get their info via:
23 error     npm owner ls desafioFrontEndAgendaEdu
23 error There is likely additional logging output above.
24 verbose exit [ 1, true ]
